0 info it worked if it ends with ok
1 verbose cli [ '/usr/bin/nodejs', '/usr/bin/npm', 'install' ]
2 info using npm@3.10.10
3 info using node@v6.10.0
4 silly loadCurrentTree Starting
5 silly install loadCurrentTree
6 silly install readLocalPackageData
7 silly install normalizeTree
8 silly loadCurrentTree Finishing
9 silly loadIdealTree Starting
10 silly install loadIdealTree
11 silly cloneCurrentTree Starting
12 silly install cloneCurrentTreeToIdealTree
13 silly cloneCurrentTree Finishing
14 silly loadShrinkwrap Starting
15 silly install loadShrinkwrap
16 silly loadShrinkwrap Finishing
17 silly loadAllDepsIntoIdealTree Starting
18 silly install loadAllDepsIntoIdealTree
19 silly fetchNamedPackageData grunt
20 silly mapToRegistry name grunt
21 silly mapToRegistry using default registry
22 silly mapToRegistry registry https://registry.npmjs.org/
23 silly mapToRegistry data Result {
23 silly mapToRegistry   raw: 'grunt',
23 silly mapToRegistry   scope: null,
23 silly mapToRegistry   escapedName: 'grunt',
23 silly mapToRegistry   name: 'grunt',
23 silly mapToRegistry   rawSpec: '',
23 silly mapToRegistry   spec: 'latest',
23 silly mapToRegistry   type: 'tag' }
24 silly mapToRegistry uri https://registry.npmjs.org/grunt
25 silly fetchNamedPackageData grunt-contrib-concat
26 silly mapToRegistry name grunt-contrib-concat
27 silly mapToRegistry using default registry
28 silly mapToRegistry registry https://registry.npmjs.org/
29 silly mapToRegistry data Result {
29 silly mapToRegistry   raw: 'grunt-contrib-concat',
29 silly mapToRegistry   scope: null,
29 silly mapToRegistry   escapedName: 'grunt-contrib-concat',
29 silly mapToRegistry   name: 'grunt-contrib-concat',
29 silly mapToRegistry   rawSpec: '',
29 silly mapToRegistry   spec: 'latest',
29 silly mapToRegistry   type: 'tag' }
30 silly mapToRegistry uri https://registry.npmjs.org/grunt-contrib-concat
31 silly fetchNamedPackageData grunt-contrib-copy
32 silly mapToRegistry name grunt-contrib-copy
33 silly mapToRegistry using default registry
34 silly mapToRegistry registry https://registry.npmjs.org/
35 silly mapToRegistry data Result {
35 silly mapToRegistry   raw: 'grunt-contrib-copy',
35 silly mapToRegistry   scope: null,
35 silly mapToRegistry   escapedName: 'grunt-contrib-copy',
35 silly mapToRegistry   name: 'grunt-contrib-copy',
35 silly mapToRegistry   rawSpec: '',
35 silly mapToRegistry   spec: 'latest',
35 silly mapToRegistry   type: 'tag' }
36 silly mapToRegistry uri https://registry.npmjs.org/grunt-contrib-copy
37 silly fetchNamedPackageData grunt-contrib-cssmin
38 silly mapToRegistry name grunt-contrib-cssmin
39 silly mapToRegistry using default registry
40 silly mapToRegistry registry https://registry.npmjs.org/
41 silly mapToRegistry data Result {
41 silly mapToRegistry   raw: 'grunt-contrib-cssmin',
41 silly mapToRegistry   scope: null,
41 silly mapToRegistry   escapedName: 'grunt-contrib-cssmin',
41 silly mapToRegistry   name: 'grunt-contrib-cssmin',
41 silly mapToRegistry   rawSpec: '',
41 silly mapToRegistry   spec: 'latest',
41 silly mapToRegistry   type: 'tag' }
42 silly mapToRegistry uri https://registry.npmjs.org/grunt-contrib-cssmin
43 silly fetchNamedPackageData grunt-contrib-jasmine
44 silly mapToRegistry name grunt-contrib-jasmine
45 silly mapToRegistry using default registry
46 silly mapToRegistry registry https://registry.npmjs.org/
47 silly mapToRegistry data Result {
47 silly mapToRegistry   raw: 'grunt-contrib-jasmine',
47 silly mapToRegistry   scope: null,
47 silly mapToRegistry   escapedName: 'grunt-contrib-jasmine',
47 silly mapToRegistry   name: 'grunt-contrib-jasmine',
47 silly mapToRegistry   rawSpec: '',
47 silly mapToRegistry   spec: 'latest',
47 silly mapToRegistry   type: 'tag' }
48 silly mapToRegistry uri https://registry.npmjs.org/grunt-contrib-jasmine
49 silly fetchNamedPackageData grunt-contrib-jshint
50 silly mapToRegistry name grunt-contrib-jshint
51 silly mapToRegistry using default registry
52 silly mapToRegistry registry https://registry.npmjs.org/
53 silly mapToRegistry data Result {
53 silly mapToRegistry   raw: 'grunt-contrib-jshint',
53 silly mapToRegistry   scope: null,
53 silly mapToRegistry   escapedName: 'grunt-contrib-jshint',
53 silly mapToRegistry   name: 'grunt-contrib-jshint',
53 silly mapToRegistry   rawSpec: '',
53 silly mapToRegistry   spec: 'latest',
53 silly mapToRegistry   type: 'tag' }
54 silly mapToRegistry uri https://registry.npmjs.org/grunt-contrib-jshint
55 silly fetchNamedPackageData grunt-contrib-uglify
56 silly mapToRegistry name grunt-contrib-uglify
57 silly mapToRegistry using default registry
58 silly mapToRegistry registry https://registry.npmjs.org/
59 silly mapToRegistry data Result {
59 silly mapToRegistry   raw: 'grunt-contrib-uglify',
59 silly mapToRegistry   scope: null,
59 silly mapToRegistry   escapedName: 'grunt-contrib-uglify',
59 silly mapToRegistry   name: 'grunt-contrib-uglify',
59 silly mapToRegistry   rawSpec: '',
59 silly mapToRegistry   spec: 'latest',
59 silly mapToRegistry   type: 'tag' }
60 silly mapToRegistry uri https://registry.npmjs.org/grunt-contrib-uglify
61 silly fetchNamedPackageData grunt-contrib-watch
62 silly mapToRegistry name grunt-contrib-watch
63 silly mapToRegistry using default registry
64 silly mapToRegistry registry https://registry.npmjs.org/
65 silly mapToRegistry data Result {
65 silly mapToRegistry   raw: 'grunt-contrib-watch',
65 silly mapToRegistry   scope: null,
65 silly mapToRegistry   escapedName: 'grunt-contrib-watch',
65 silly mapToRegistry   name: 'grunt-contrib-watch',
65 silly mapToRegistry   rawSpec: '',
65 silly mapToRegistry   spec: 'latest',
65 silly mapToRegistry   type: 'tag' }
66 silly mapToRegistry uri https://registry.npmjs.org/grunt-contrib-watch
67 verbose request uri https://registry.npmjs.org/grunt
68 verbose request no auth needed
69 info attempt registry request try #1 at 21:10:15
70 verbose request id 11cf946513702784
71 http request GET https://registry.npmjs.org/grunt
72 verbose request uri https://registry.npmjs.org/grunt-contrib-jasmine
73 verbose request no auth needed
74 info attempt registry request try #1 at 21:10:15
75 http request GET https://registry.npmjs.org/grunt-contrib-jasmine
76 verbose request uri https://registry.npmjs.org/grunt-contrib-jshint
77 verbose request no auth needed
78 info attempt registry request try #1 at 21:10:15
79 http request GET https://registry.npmjs.org/grunt-contrib-jshint
80 verbose request uri https://registry.npmjs.org/grunt-contrib-uglify
81 verbose request no auth needed
82 info attempt registry request try #1 at 21:10:15
83 http request GET https://registry.npmjs.org/grunt-contrib-uglify
84 verbose request uri https://registry.npmjs.org/grunt-contrib-watch
85 verbose request no auth needed
86 info attempt registry request try #1 at 21:10:15
87 http request GET https://registry.npmjs.org/grunt-contrib-watch
88 verbose request uri https://registry.npmjs.org/grunt-contrib-concat
89 verbose request no auth needed
90 info attempt registry request try #1 at 21:10:15
91 http request GET https://registry.npmjs.org/grunt-contrib-concat
92 verbose request uri https://registry.npmjs.org/grunt-contrib-copy
93 verbose request no auth needed
94 info attempt registry request try #1 at 21:10:15
95 http request GET https://registry.npmjs.org/grunt-contrib-copy
96 verbose request uri https://registry.npmjs.org/grunt-contrib-cssmin
97 verbose request no auth needed
98 info attempt registry request try #1 at 21:10:15
99 http request GET https://registry.npmjs.org/grunt-contrib-cssmin
100 info retry will retry, error on last attempt: Error: getaddrinfo ENOTFOUND registry.npmjs.org registry.npmjs.org:443
101 info retry will retry, error on last attempt: Error: getaddrinfo ENOTFOUND registry.npmjs.org registry.npmjs.org:443
102 info retry will retry, error on last attempt: Error: getaddrinfo ENOTFOUND registry.npmjs.org registry.npmjs.org:443
103 info retry will retry, error on last attempt: Error: getaddrinfo ENOTFOUND registry.npmjs.org registry.npmjs.org:443
104 info retry will retry, error on last attempt: Error: getaddrinfo ENOTFOUND registry.npmjs.org registry.npmjs.org:443
105 info retry will retry, error on last attempt: Error: getaddrinfo ENOTFOUND registry.npmjs.org registry.npmjs.org:443
106 info retry will retry, error on last attempt: Error: getaddrinfo ENOTFOUND registry.npmjs.org registry.npmjs.org:443
107 info retry will retry, error on last attempt: Error: getaddrinfo ENOTFOUND registry.npmjs.org registry.npmjs.org:443
108 info attempt registry request try #2 at 21:10:25
109 http request GET https://registry.npmjs.org/grunt
110 info attempt registry request try #2 at 21:10:25
111 http request GET https://registry.npmjs.org/grunt-contrib-jasmine
112 info attempt registry request try #2 at 21:10:25
113 http request GET https://registry.npmjs.org/grunt-contrib-jshint
114 info attempt registry request try #2 at 21:10:25
115 http request GET https://registry.npmjs.org/grunt-contrib-uglify
116 info attempt registry request try #2 at 21:10:25
117 http request GET https://registry.npmjs.org/grunt-contrib-watch
118 info attempt registry request try #2 at 21:10:25
119 http request GET https://registry.npmjs.org/grunt-contrib-concat
120 info attempt registry request try #2 at 21:10:25
121 http request GET https://registry.npmjs.org/grunt-contrib-copy
122 info attempt registry request try #2 at 21:10:25
123 http request GET https://registry.npmjs.org/grunt-contrib-cssmin
124 info retry will retry, error on last attempt: Error: getaddrinfo ENOTFOUND registry.npmjs.org registry.npmjs.org:443
125 info retry will retry, error on last attempt: Error: getaddrinfo ENOTFOUND registry.npmjs.org registry.npmjs.org:443
126 info retry will retry, error on last attempt: Error: getaddrinfo ENOTFOUND registry.npmjs.org registry.npmjs.org:443
127 info retry will retry, error on last attempt: Error: getaddrinfo ENOTFOUND registry.npmjs.org registry.npmjs.org:443
128 info retry will retry, error on last attempt: Error: getaddrinfo ENOTFOUND registry.npmjs.org registry.npmjs.org:443
129 info retry will retry, error on last attempt: Error: getaddrinfo ENOTFOUND registry.npmjs.org registry.npmjs.org:443
130 info retry will retry, error on last attempt: Error: getaddrinfo ENOTFOUND registry.npmjs.org registry.npmjs.org:443
131 info retry will retry, error on last attempt: Error: getaddrinfo ENOTFOUND registry.npmjs.org registry.npmjs.org:443
132 info attempt registry request try #3 at 21:11:25
133 http request GET https://registry.npmjs.org/grunt
134 info attempt registry request try #3 at 21:11:25
135 http request GET https://registry.npmjs.org/grunt-contrib-jasmine
136 info attempt registry request try #3 at 21:11:25
137 http request GET https://registry.npmjs.org/grunt-contrib-jshint
138 info attempt registry request try #3 at 21:11:25
139 http request GET https://registry.npmjs.org/grunt-contrib-uglify
140 info attempt registry request try #3 at 21:11:25
141 http request GET https://registry.npmjs.org/grunt-contrib-watch
142 info attempt registry request try #3 at 21:11:25
143 http request GET https://registry.npmjs.org/grunt-contrib-concat
144 info attempt registry request try #3 at 21:11:25
145 http request GET https://registry.npmjs.org/grunt-contrib-copy
146 info attempt registry request try #3 at 21:11:25
147 http request GET https://registry.npmjs.org/grunt-contrib-cssmin
148 silly fetchPackageMetaData Error: getaddrinfo ENOTFOUND registry.npmjs.org registry.npmjs.org:443
148 silly fetchPackageMetaData     at errnoException (dns.js:28:10)
148 silly fetchPackageMetaData     at GetAddrInfoReqWrap.onlookup [as oncomplete] (dns.js:76:26)
148 silly fetchPackageMetaData  error for grunt@latest { Error: getaddrinfo ENOTFOUND registry.npmjs.org registry.npmjs.org:443
148 silly fetchPackageMetaData     at errnoException (dns.js:28:10)
148 silly fetchPackageMetaData     at GetAddrInfoReqWrap.onlookup [as oncomplete] (dns.js:76:26)
148 silly fetchPackageMetaData   code: 'ENOTFOUND',
148 silly fetchPackageMetaData   errno: 'ENOTFOUND',
148 silly fetchPackageMetaData   syscall: 'getaddrinfo',
148 silly fetchPackageMetaData   hostname: 'registry.npmjs.org',
148 silly fetchPackageMetaData   host: 'registry.npmjs.org',
148 silly fetchPackageMetaData   port: 443 }
149 silly fetchPackageMetaData Error: getaddrinfo ENOTFOUND registry.npmjs.org registry.npmjs.org:443
149 silly fetchPackageMetaData     at errnoException (dns.js:28:10)
149 silly fetchPackageMetaData     at GetAddrInfoReqWrap.onlookup [as oncomplete] (dns.js:76:26)
149 silly fetchPackageMetaData  error for grunt-contrib-jasmine@latest { Error: getaddrinfo ENOTFOUND registry.npmjs.org registry.npmjs.org:443
149 silly fetchPackageMetaData     at errnoException (dns.js:28:10)
149 silly fetchPackageMetaData     at GetAddrInfoReqWrap.onlookup [as oncomplete] (dns.js:76:26)
149 silly fetchPackageMetaData   code: 'ENOTFOUND',
149 silly fetchPackageMetaData   errno: 'ENOTFOUND',
149 silly fetchPackageMetaData   syscall: 'getaddrinfo',
149 silly fetchPackageMetaData   hostname: 'registry.npmjs.org',
149 silly fetchPackageMetaData   host: 'registry.npmjs.org',
149 silly fetchPackageMetaData   port: 443 }
150 silly fetchPackageMetaData Error: getaddrinfo ENOTFOUND registry.npmjs.org registry.npmjs.org:443
150 silly fetchPackageMetaData     at errnoException (dns.js:28:10)
150 silly fetchPackageMetaData     at GetAddrInfoReqWrap.onlookup [as oncomplete] (dns.js:76:26)
150 silly fetchPackageMetaData  error for grunt-contrib-jshint@latest { Error: getaddrinfo ENOTFOUND registry.npmjs.org registry.npmjs.org:443
150 silly fetchPackageMetaData     at errnoException (dns.js:28:10)
150 silly fetchPackageMetaData     at GetAddrInfoReqWrap.onlookup [as oncomplete] (dns.js:76:26)
150 silly fetchPackageMetaData   code: 'ENOTFOUND',
150 silly fetchPackageMetaData   errno: 'ENOTFOUND',
150 silly fetchPackageMetaData   syscall: 'getaddrinfo',
150 silly fetchPackageMetaData   hostname: 'registry.npmjs.org',
150 silly fetchPackageMetaData   host: 'registry.npmjs.org',
150 silly fetchPackageMetaData   port: 443 }
151 silly fetchPackageMetaData Error: getaddrinfo ENOTFOUND registry.npmjs.org registry.npmjs.org:443
151 silly fetchPackageMetaData     at errnoException (dns.js:28:10)
151 silly fetchPackageMetaData     at GetAddrInfoReqWrap.onlookup [as oncomplete] (dns.js:76:26)
151 silly fetchPackageMetaData  error for grunt-contrib-uglify@latest { Error: getaddrinfo ENOTFOUND registry.npmjs.org registry.npmjs.org:443
151 silly fetchPackageMetaData     at errnoException (dns.js:28:10)
151 silly fetchPackageMetaData     at GetAddrInfoReqWrap.onlookup [as oncomplete] (dns.js:76:26)
151 silly fetchPackageMetaData   code: 'ENOTFOUND',
151 silly fetchPackageMetaData   errno: 'ENOTFOUND',
151 silly fetchPackageMetaData   syscall: 'getaddrinfo',
151 silly fetchPackageMetaData   hostname: 'registry.npmjs.org',
151 silly fetchPackageMetaData   host: 'registry.npmjs.org',
151 silly fetchPackageMetaData   port: 443 }
152 silly fetchPackageMetaData Error: getaddrinfo ENOTFOUND registry.npmjs.org registry.npmjs.org:443
152 silly fetchPackageMetaData     at errnoException (dns.js:28:10)
152 silly fetchPackageMetaData     at GetAddrInfoReqWrap.onlookup [as oncomplete] (dns.js:76:26)
152 silly fetchPackageMetaData  error for grunt-contrib-watch@latest { Error: getaddrinfo ENOTFOUND registry.npmjs.org registry.npmjs.org:443
152 silly fetchPackageMetaData     at errnoException (dns.js:28:10)
152 silly fetchPackageMetaData     at GetAddrInfoReqWrap.onlookup [as oncomplete] (dns.js:76:26)
152 silly fetchPackageMetaData   code: 'ENOTFOUND',
152 silly fetchPackageMetaData   errno: 'ENOTFOUND',
152 silly fetchPackageMetaData   syscall: 'getaddrinfo',
152 silly fetchPackageMetaData   hostname: 'registry.npmjs.org',
152 silly fetchPackageMetaData   host: 'registry.npmjs.org',
152 silly fetchPackageMetaData   port: 443 }
153 silly fetchPackageMetaData Error: getaddrinfo ENOTFOUND registry.npmjs.org registry.npmjs.org:443
153 silly fetchPackageMetaData     at errnoException (dns.js:28:10)
153 silly fetchPackageMetaData     at GetAddrInfoReqWrap.onlookup [as oncomplete] (dns.js:76:26)
153 silly fetchPackageMetaData  error for grunt-contrib-concat@latest { Error: getaddrinfo ENOTFOUND registry.npmjs.org registry.npmjs.org:443
153 silly fetchPackageMetaData     at errnoException (dns.js:28:10)
153 silly fetchPackageMetaData     at GetAddrInfoReqWrap.onlookup [as oncomplete] (dns.js:76:26)
153 silly fetchPackageMetaData   code: 'ENOTFOUND',
153 silly fetchPackageMetaData   errno: 'ENOTFOUND',
153 silly fetchPackageMetaData   syscall: 'getaddrinfo',
153 silly fetchPackageMetaData   hostname: 'registry.npmjs.org',
153 silly fetchPackageMetaData   host: 'registry.npmjs.org',
153 silly fetchPackageMetaData   port: 443 }
154 silly fetchPackageMetaData Error: getaddrinfo ENOTFOUND registry.npmjs.org registry.npmjs.org:443
154 silly fetchPackageMetaData     at errnoException (dns.js:28:10)
154 silly fetchPackageMetaData     at GetAddrInfoReqWrap.onlookup [as oncomplete] (dns.js:76:26)
154 silly fetchPackageMetaData  error for grunt-contrib-copy@latest { Error: getaddrinfo ENOTFOUND registry.npmjs.org registry.npmjs.org:443
154 silly fetchPackageMetaData     at errnoException (dns.js:28:10)
154 silly fetchPackageMetaData     at GetAddrInfoReqWrap.onlookup [as oncomplete] (dns.js:76:26)
154 silly fetchPackageMetaData   code: 'ENOTFOUND',
154 silly fetchPackageMetaData   errno: 'ENOTFOUND',
154 silly fetchPackageMetaData   syscall: 'getaddrinfo',
154 silly fetchPackageMetaData   hostname: 'registry.npmjs.org',
154 silly fetchPackageMetaData   host: 'registry.npmjs.org',
154 silly fetchPackageMetaData   port: 443 }
155 silly fetchPackageMetaData Error: getaddrinfo ENOTFOUND registry.npmjs.org registry.npmjs.org:443
155 silly fetchPackageMetaData     at errnoException (dns.js:28:10)
155 silly fetchPackageMetaData     at GetAddrInfoReqWrap.onlookup [as oncomplete] (dns.js:76:26)
155 silly fetchPackageMetaData  error for grunt-contrib-cssmin@latest { Error: getaddrinfo ENOTFOUND registry.npmjs.org registry.npmjs.org:443
155 silly fetchPackageMetaData     at errnoException (dns.js:28:10)
155 silly fetchPackageMetaData     at GetAddrInfoReqWrap.onlookup [as oncomplete] (dns.js:76:26)
155 silly fetchPackageMetaData   code: 'ENOTFOUND',
155 silly fetchPackageMetaData   errno: 'ENOTFOUND',
155 silly fetchPackageMetaData   syscall: 'getaddrinfo',
155 silly fetchPackageMetaData   hostname: 'registry.npmjs.org',
155 silly fetchPackageMetaData   host: 'registry.npmjs.org',
155 silly fetchPackageMetaData   port: 443 }
156 silly rollbackFailedOptional Starting
157 silly rollbackFailedOptional Finishing
158 silly runTopLevelLifecycles Finishing
159 silly install printInstalled
160 verbose stack Error: getaddrinfo ENOTFOUND registry.npmjs.org registry.npmjs.org:443
160 verbose stack     at errnoException (dns.js:28:10)
160 verbose stack     at GetAddrInfoReqWrap.onlookup [as oncomplete] (dns.js:76:26)
161 verbose cwd /var/www/lotoar
162 error Linux 3.13.0-24-generic
163 error argv "/usr/bin/nodejs" "/usr/bin/npm" "install"
164 error node v6.10.0
165 error npm  v3.10.10
166 error code ENOTFOUND
167 error errno ENOTFOUND
168 error syscall getaddrinfo
169 error network getaddrinfo ENOTFOUND registry.npmjs.org registry.npmjs.org:443
170 error network This is most likely not a problem with npm itself
170 error network and is related to network connectivity.
170 error network In most cases you are behind a proxy or have bad network settings.
170 error network
170 error network If you are behind a proxy, please make sure that the
170 error network 'proxy' config is set properly.  See: 'npm help config'
171 verbose exit [ 1, true ]
